<?xml version="1.0" encoding="UTF-8"?>
<!-- Generated by org.testng.reporters.JUnitReportReporter -->
<testsuite hostname="DESKTOP-KQV1UM2" failures="0" tests="2" name="TestNgFashion.myntra" time="11.998" errors="0" timestamp="2024-05-20T11:39:07 IST" skipped="0">
  <testcase classname="TestNgFashion.myntra" name="myntr" time="8.925"/>
  <system-out/>
  <testcase classname="TestNgFashion.myntra" name="myntr" time="3.073"/>
  <system-out/>
</testsuite> <!-- TestNgFashion.myntra -->
