<?xml version="1.0" encoding="UTF-8"?>
<!-- Generated by org.testng.reporters.JUnitReportReporter -->
<testsuite hostname="DESKTOP-KQV1UM2" failures="0" tests="2" name="TestNgFashion.ajio" time="28.478" errors="0" timestamp="2024-05-20T11:39:07 IST" skipped="0">
  <testcase classname="TestNgFashion.ajio" name="aji" time="17.571"/>
  <system-out/>
  <testcase classname="TestNgFashion.ajio" name="aji" time="10.907"/>
  <system-out/>
</testsuite> <!-- TestNgFashion.ajio -->
