<?xml version="1.0" encoding="UTF-8"?>
<!-- Generated by org.testng.reporters.JUnitReportReporter -->
<testsuite hostname="DESKTOP-KQV1UM2" failures="0" tests="2" name="TestNG.demoWeb" time="66.551" errors="0" timestamp="2024-05-20T11:39:07 IST" skipped="0">
  <testcase classname="TestNG.demoWeb" name="demo" time="62.268"/>
  <system-out/>
  <testcase classname="TestNG.demoWeb" name="demo" time="4.283"/>
  <system-out/>
</testsuite> <!-- TestNG.demoWeb -->
