<?xml version="1.0" encoding="UTF-8"?>
<!-- Generated by org.testng.reporters.JUnitReportReporter -->
<testsuite hostname="DESKTOP-KQV1UM2" failures="0" tests="1" name="parameterAnnotation.crossBrowser" time="10.239" errors="0" timestamp="2024-05-20T18:35:28 IST" skipped="0">
  <testcase classname="parameterAnnotation.crossBrowser" name="CrossBrowser" time="10.239"/>
  <system-out/>
</testsuite> <!-- parameterAnnotation.crossBrowser -->
