<?xml version="1.0" encoding="UTF-8"?>
<!-- Generated by org.testng.reporters.JUnitReportReporter -->
<testsuite hostname="DESKTOP-KQV1UM2" failures="0" tests="2" name="TestNG.redBus" time="46.059" errors="0" timestamp="2024-05-20T11:39:07 IST" skipped="0">
  <testcase classname="TestNG.redBus" name="red" time="8.393"/>
  <system-out/>
  <testcase classname="TestNG.redBus" name="red" time="37.666"/>
  <system-out/>
</testsuite> <!-- TestNG.redBus -->
