<?xml version="1.0" encoding="UTF-8"?>
<!-- Generated by org.testng.reporters.JUnitReportReporter -->
<testsuite hostname="DESKTOP-KQV1UM2" failures="0" tests="1" name="Basic.LaunchBrower" time="270.833" errors="0" timestamp="2024-05-15T18:56:31 IST" skipped="0">
  <testcase classname="Basic.LaunchBrower" name="add" time="270.833"/>
  <system-out/>
</testsuite> <!-- Basic.LaunchBrower -->
