<?xml version="1.0" encoding="UTF-8"?>
<!-- Generated by org.testng.reporters.JUnitReportReporter -->
<testsuite hostname="DESKTOP-KQV1UM2" failures="0" tests="2" name="TestNgFashion.flipkart" time="44.385" errors="0" timestamp="2024-05-20T11:39:07 IST" skipped="0">
  <testcase classname="TestNgFashion.flipkart" name="flip" time="14.877"/>
  <system-out/>
  <testcase classname="TestNgFashion.flipkart" name="flip" time="29.508"/>
  <system-out/>
</testsuite> <!-- TestNgFashion.flipkart -->
