<?xml version="1.0" encoding="UTF-8"?>
<!-- Generated by org.testng.reporters.JUnitReportReporter -->
<testsuite hostname="DESKTOP-KQV1UM2" failures="0" tests="1" name="Basic.ReadData" time="14.505" errors="0" timestamp="2024-05-22T20:47:17 IST" skipped="0">
  <testcase classname="Basic.ReadData" name="readdatafromprop" time="14.505"/>
  <system-out/>
</testsuite> <!-- Basic.ReadData -->
