<?xml version="1.0" encoding="UTF-8"?>
<!-- Generated by org.testng.reporters.JUnitReportReporter -->
<testsuite hostname="DESKTOP-KQV1UM2" failures="0" tests="1" name="parameterAnnotation.task1" time="16.525" errors="0" timestamp="2024-05-21T09:26:38 IST" skipped="0">
  <testcase classname="parameterAnnotation.task1" name="giftcard" time="16.525"/>
  <system-out/>
</testsuite> <!-- parameterAnnotation.task1 -->
