<?xml version="1.0" encoding="UTF-8"?>
<!-- Generated by org.testng.reporters.JUnitReportReporter -->
<testsuite hostname="DESKTOP-KQV1UM2" failures="0" tests="2" name="TestNG.makeMyTrip" time="49.781" errors="0" timestamp="2024-05-20T11:39:07 IST" skipped="0">
  <testcase classname="TestNG.makeMyTrip" name="makeMy" time="14.347"/>
  <system-out/>
  <testcase classname="TestNG.makeMyTrip" name="makeMy" time="35.434"/>
  <system-out/>
</testsuite> <!-- TestNG.makeMyTrip -->
