<?xml version="1.0" encoding="UTF-8"?>
<!-- Generated by org.testng.reporters.JUnitReportReporter -->
<testsuite hostname="DESKTOP-KQV1UM2" failures="0" tests="4" name="Basic.multiBrowser" time="40.491" errors="0" timestamp="2024-05-21T10:05:13 IST" skipped="1">
  <testcase classname="Basic.multiBrowser" name="MUMBAI" time="31.653"/>
  <system-out/>
  <testcase classname="Basic.multiBrowser" name="CSK" time="4.564"/>
  <system-out/>
  <testcase classname="Basic.multiBrowser" name="RCB" time="4.274"/>
  <system-out/>
  <testcase classname="Basic.multiBrowser" name="DWS">
    <skipped/>
  </testcase> <!-- DWS -->
  <system-out/>
</testsuite> <!-- Basic.multiBrowser -->
