<?xml version="1.0" encoding="UTF-8"?>
<!-- Generated by org.testng.reporters.JUnitReportReporter -->
<testsuite hostname="DESKTOP-KQV1UM2" failures="0" tests="1" name="Assertions.SoftAssert1" time="23.917" errors="0" timestamp="2024-05-22T00:14:06 IST" skipped="0">
  <testcase classname="Assertions.SoftAssert1" name="hardAssert" time="23.917"/>
  <system-out/>
</testsuite> <!-- Assertions.SoftAssert1 -->
