<?xml version="1.0" encoding="UTF-8"?>
<!-- Generated by org.testng.reporters.JUnitReportReporter -->
<testsuite hostname="DESKTOP-KQV1UM2" failures="0" tests="1" name="POM.loginDWS" time="16.039" errors="0" timestamp="2024-05-28T18:10:44 IST" skipped="0">
  <testcase classname="POM.loginDWS" name="login" time="16.039"/>
  <system-out/>
</testsuite> <!-- POM.loginDWS -->
