<?xml version="1.0" encoding="UTF-8"?>
<!-- Generated by org.testng.reporters.JUnitReportReporter -->
<testsuite hostname="DESKTOP-KQV1UM2" failures="0" tests="1" name="Practices.shopper1" time="10.838" errors="0" timestamp="2024-05-21T00:46:52 IST" skipped="0">
  <testcase classname="Practices.shopper1" name="shop" time="10.838"/>
  <system-out/>
</testsuite> <!-- Practices.shopper1 -->
