<?xml version="1.0" encoding="UTF-8"?>
<!-- Generated by org.testng.reporters.JUnitReportReporter -->
<testsuite hostname="DESKTOP-KQV1UM2" failures="0" tests="1" name="Basic.ChromologicalOrder" time="0.013" errors="0" timestamp="2024-05-10T15:54:46 IST" skipped="0">
  <testcase classname="Basic.ChromologicalOrder" name="TestCase" time="0.013"/>
  <system-out/>
</testsuite> <!-- Basic.ChromologicalOrder -->
