<?xml version="1.0" encoding="UTF-8"?>
<!-- Generated by org.testng.reporters.JUnitReportReporter -->
<testsuite hostname="DESKTOP-KQV1UM2" failures="0" tests="1" name="Extent_Report.sampleReport" time="1.050" errors="0" timestamp="2024-05-30T09:30:52 IST" skipped="0">
  <testcase classname="Extent_Report.sampleReport" name="LaunchTheReport" time="1.050"/>
  <system-out/>
</testsuite> <!-- Extent_Report.sampleReport -->
