<?xml version="1.0" encoding="UTF-8"?>
<!-- Generated by org.testng.reporters.JUnitReportReporter -->
<testsuite hostname="DESKTOP-KQV1UM2" failures="0" tests="1" name="Basic.Vtiger" time="29.841" errors="0" timestamp="2024-05-15T20:37:45 IST" skipped="0">
  <testcase classname="Basic.Vtiger" name="login" time="29.841"/>
  <system-out/>
</testsuite> <!-- Basic.Vtiger -->
